2020-07-12 10:28:10,566 INFO org.springframework.boot.StartupInfoLogger [main] Starting SpringBootLogApplication on SONU-WORK with PID 21332 (E:\Dropbox\Work\full_stack_java\workspace\spring-boot-log\target\classes started by HP in E:\Dropbox\Work\full_stack_java\workspace\spring-boot-log)
2020-07-12 10:28:10,570 INFO org.springframework.boot.SpringApplication [main] No active profile set, falling back to default profiles: default
2020-07-12 10:28:11,537 INFO org.springframework.boot.web.embedded.tomcat.TomcatWebServer [main] Tomcat initialized with port(s): 8080 (http)
2020-07-12 10:28:11,546 INFO org.apache.juli.logging.DirectJDKLog [main] Initializing ProtocolHandler ["http-nio-8080"]
2020-07-12 10:28:11,547 INFO org.apache.juli.logging.DirectJDKLog [main] Starting service [Tomcat]
2020-07-12 10:28:11,548 INFO org.apache.juli.logging.DirectJDKLog [main] Starting Servlet engine: [Apache Tomcat/9.0.36]
2020-07-12 10:28:11,699 INFO org.apache.juli.logging.DirectJDKLog [main] Initializing Spring embedded WebApplicationContext
2020-07-12 10:28:11,700 INFO org.springframework.boot.web.servlet.context.ServletWebServerApplicationContext [main] Root WebApplicationContext: initialization completed in 1084 ms
2020-07-12 10:28:11,899 INFO org.springframework.scheduling.concurrent.ExecutorConfigurationSupport [main] Initializing ExecutorService 'applicationTaskExecutor'
2020-07-12 10:28:12,074 INFO org.apache.juli.logging.DirectJDKLog [main] Starting ProtocolHandler ["http-nio-8080"]
2020-07-12 10:28:12,111 INFO org.springframework.boot.web.embedded.tomcat.TomcatWebServer [main] Tomcat started on port(s): 8080 (http) with context path ''
2020-07-12 10:28:12,128 INFO org.springframework.boot.StartupInfoLogger [main] Started SpringBootLogApplication in 2.026 seconds (JVM running for 4.219)
2020-07-12 10:29:53,635 INFO org.springframework.boot.admin.SpringApplicationAdminMXBeanRegistrar$SpringApplicationAdmin [RMI TCP Connection(8)-127.0.0.1] Application shutdown requested.
2020-07-12 10:29:55,056 INFO org.springframework.scheduling.concurrent.ExecutorConfigurationSupport [RMI TCP Connection(8)-127.0.0.1] Shutting down ExecutorService 'applicationTaskExecutor'
2020-07-12 10:37:11,837 INFO org.springframework.boot.StartupInfoLogger [main] Starting SpringBootLogApplication on SONU-WORK with PID 11544 (E:\Dropbox\Work\full_stack_java\workspace\spring-boot-log\target\classes started by HP in E:\Dropbox\Work\full_stack_java\workspace\spring-boot-log)
2020-07-12 10:37:11,847 INFO org.springframework.boot.SpringApplication [main] No active profile set, falling back to default profiles: default
2020-07-12 10:37:12,917 INFO org.springframework.boot.web.embedded.tomcat.TomcatWebServer [main] Tomcat initialized with port(s): 8080 (http)
2020-07-12 10:37:12,928 INFO org.apache.juli.logging.DirectJDKLog [main] Initializing ProtocolHandler ["http-nio-8080"]
2020-07-12 10:37:12,929 INFO org.apache.juli.logging.DirectJDKLog [main] Starting service [Tomcat]
2020-07-12 10:37:12,929 INFO org.apache.juli.logging.DirectJDKLog [main] Starting Servlet engine: [Apache Tomcat/9.0.36]
2020-07-12 10:37:13,087 INFO org.apache.juli.logging.DirectJDKLog [main] Initializing Spring embedded WebApplicationContext
2020-07-12 10:37:13,087 INFO org.springframework.boot.web.servlet.context.ServletWebServerApplicationContext [main] Root WebApplicationContext: initialization completed in 1193 ms
2020-07-12 10:37:13,332 INFO org.springframework.scheduling.concurrent.ExecutorConfigurationSupport [main] Initializing ExecutorService 'applicationTaskExecutor'
2020-07-12 10:37:13,513 INFO org.apache.juli.logging.DirectJDKLog [main] Starting ProtocolHandler ["http-nio-8080"]
2020-07-12 10:37:13,556 INFO org.springframework.boot.web.embedded.tomcat.TomcatWebServer [main] Tomcat started on port(s): 8080 (http) with context path ''
2020-07-12 10:37:13,573 INFO org.springframework.boot.StartupInfoLogger [main] Started SpringBootLogApplication in 2.183 seconds (JVM running for 4.65)
2020-07-12 10:37:50,835 INFO org.apache.juli.logging.DirectJDKLog [http-nio-8080-exec-1] Initializing Spring DispatcherServlet 'dispatcherServlet'
2020-07-12 10:37:50,837 INFO org.springframework.web.servlet.FrameworkServlet [http-nio-8080-exec-1] Initializing Servlet 'dispatcherServlet'
2020-07-12 10:37:50,845 INFO org.springframework.web.servlet.FrameworkServlet [http-nio-8080-exec-1] Completed initialization in 8 ms
2020-07-12 10:39:01,603 INFO org.springframework.boot.admin.SpringApplicationAdminMXBeanRegistrar$SpringApplicationAdmin [RMI TCP Connection(10)-127.0.0.1] Application shutdown requested.
2020-07-12 10:39:02,953 INFO org.springframework.scheduling.concurrent.ExecutorConfigurationSupport [RMI TCP Connection(10)-127.0.0.1] Shutting down ExecutorService 'applicationTaskExecutor'
2020-07-12 10:39:11,325 INFO org.springframework.boot.StartupInfoLogger [main] Starting SpringBootLogApplication on SONU-WORK with PID 26736 (E:\Dropbox\Work\full_stack_java\workspace\spring-boot-log\target\classes started by HP in E:\Dropbox\Work\full_stack_java\workspace\spring-boot-log)
2020-07-12 10:39:11,328 DEBUG org.springframework.boot.StartupInfoLogger [main] Running with Spring Boot v2.3.1.RELEASE, Spring v5.2.7.RELEASE
2020-07-12 10:39:11,329 INFO org.springframework.boot.SpringApplication [main] No active profile set, falling back to default profiles: default
2020-07-12 10:39:12,315 INFO org.springframework.boot.web.embedded.tomcat.TomcatWebServer [main] Tomcat initialized with port(s): 8080 (http)
2020-07-12 10:39:12,324 INFO org.apache.juli.logging.DirectJDKLog [main] Initializing ProtocolHandler ["http-nio-8080"]
2020-07-12 10:39:12,325 INFO org.apache.juli.logging.DirectJDKLog [main] Starting service [Tomcat]
2020-07-12 10:39:12,326 INFO org.apache.juli.logging.DirectJDKLog [main] Starting Servlet engine: [Apache Tomcat/9.0.36]
2020-07-12 10:39:12,440 INFO org.apache.juli.logging.DirectJDKLog [main] Initializing Spring embedded WebApplicationContext
2020-07-12 10:39:12,441 INFO org.springframework.boot.web.servlet.context.ServletWebServerApplicationContext [main] Root WebApplicationContext: initialization completed in 1065 ms
2020-07-12 10:39:12,638 INFO org.springframework.scheduling.concurrent.ExecutorConfigurationSupport [main] Initializing ExecutorService 'applicationTaskExecutor'
2020-07-12 10:39:12,801 INFO org.apache.juli.logging.DirectJDKLog [main] Starting ProtocolHandler ["http-nio-8080"]
2020-07-12 10:39:12,844 INFO org.springframework.boot.web.embedded.tomcat.TomcatWebServer [main] Tomcat started on port(s): 8080 (http) with context path ''
2020-07-12 10:39:12,861 INFO org.springframework.boot.StartupInfoLogger [main] Started SpringBootLogApplication in 2.006 seconds (JVM running for 4.118)
2020-07-12 10:45:57,159 INFO org.springframework.boot.admin.SpringApplicationAdminMXBeanRegistrar$SpringApplicationAdmin [RMI TCP Connection(15)-127.0.0.1] Application shutdown requested.
2020-07-12 10:45:58,169 INFO org.springframework.scheduling.concurrent.ExecutorConfigurationSupport [RMI TCP Connection(15)-127.0.0.1] Shutting down ExecutorService 'applicationTaskExecutor'
2020-07-12 10:46:09,118 INFO org.springframework.boot.StartupInfoLogger [main] Starting SpringBootLogApplication on SONU-WORK with PID 8900 (E:\Dropbox\Work\full_stack_java\workspace\spring-boot-log\target\classes started by HP in E:\Dropbox\Work\full_stack_java\workspace\spring-boot-log)
2020-07-12 10:46:09,123 DEBUG org.springframework.boot.StartupInfoLogger [main] Running with Spring Boot v2.3.1.RELEASE, Spring v5.2.7.RELEASE
2020-07-12 10:46:09,124 INFO org.springframework.boot.SpringApplication [main] No active profile set, falling back to default profiles: default
2020-07-12 10:46:10,194 INFO org.springframework.boot.web.embedded.tomcat.TomcatWebServer [main] Tomcat initialized with port(s): 8080 (http)
2020-07-12 10:46:10,202 INFO org.apache.juli.logging.DirectJDKLog [main] Initializing ProtocolHandler ["http-nio-8080"]
2020-07-12 10:46:10,203 INFO org.apache.juli.logging.DirectJDKLog [main] Starting service [Tomcat]
2020-07-12 10:46:10,203 INFO org.apache.juli.logging.DirectJDKLog [main] Starting Servlet engine: [Apache Tomcat/9.0.36]
2020-07-12 10:46:10,326 INFO org.apache.juli.logging.DirectJDKLog [main] Initializing Spring embedded WebApplicationContext
2020-07-12 10:46:10,327 INFO org.springframework.boot.web.servlet.context.ServletWebServerApplicationContext [main] Root WebApplicationContext: initialization completed in 1132 ms
2020-07-12 10:46:10,510 INFO org.springframework.scheduling.concurrent.ExecutorConfigurationSupport [main] Initializing ExecutorService 'applicationTaskExecutor'
2020-07-12 10:46:10,663 INFO org.apache.juli.logging.DirectJDKLog [main] Starting ProtocolHandler ["http-nio-8080"]
2020-07-12 10:46:10,716 INFO org.springframework.boot.web.embedded.tomcat.TomcatWebServer [main] Tomcat started on port(s): 8080 (http) with context path ''
2020-07-12 10:46:10,736 INFO org.springframework.boot.StartupInfoLogger [main] Started SpringBootLogApplication in 2.093 seconds (JVM running for 4.237)
2020-07-12 10:47:18,568 INFO org.springframework.boot.admin.SpringApplicationAdminMXBeanRegistrar$SpringApplicationAdmin [RMI TCP Connection(8)-127.0.0.1] Application shutdown requested.
2020-07-12 10:47:19,557 INFO org.springframework.scheduling.concurrent.ExecutorConfigurationSupport [RMI TCP Connection(8)-127.0.0.1] Shutting down ExecutorService 'applicationTaskExecutor'
2020-07-12 10:47:27,312 INFO org.springframework.boot.StartupInfoLogger [main] Starting SpringBootLogApplication on SONU-WORK with PID 25732 (E:\Dropbox\Work\full_stack_java\workspace\spring-boot-log\target\classes started by HP in E:\Dropbox\Work\full_stack_java\workspace\spring-boot-log)
2020-07-12 10:47:27,314 DEBUG org.springframework.boot.StartupInfoLogger [main] Running with Spring Boot v2.3.1.RELEASE, Spring v5.2.7.RELEASE
2020-07-12 10:47:27,315 INFO org.springframework.boot.SpringApplication [main] No active profile set, falling back to default profiles: default
2020-07-12 10:47:28,361 INFO org.springframework.boot.web.embedded.tomcat.TomcatWebServer [main] Tomcat initialized with port(s): 8080 (http)
2020-07-12 10:47:28,378 INFO org.apache.juli.logging.DirectJDKLog [main] Initializing ProtocolHandler ["http-nio-8080"]
2020-07-12 10:47:28,380 INFO org.apache.juli.logging.DirectJDKLog [main] Starting service [Tomcat]
2020-07-12 10:47:28,381 INFO org.apache.juli.logging.DirectJDKLog [main] Starting Servlet engine: [Apache Tomcat/9.0.36]
2020-07-12 10:47:28,597 INFO org.apache.juli.logging.DirectJDKLog [main] Initializing Spring embedded WebApplicationContext
2020-07-12 10:47:28,598 INFO org.springframework.boot.web.servlet.context.ServletWebServerApplicationContext [main] Root WebApplicationContext: initialization completed in 1237 ms
2020-07-12 10:47:28,892 INFO org.springframework.scheduling.concurrent.ExecutorConfigurationSupport [main] Initializing ExecutorService 'applicationTaskExecutor'
2020-07-12 10:47:29,060 INFO org.apache.juli.logging.DirectJDKLog [main] Starting ProtocolHandler ["http-nio-8080"]
2020-07-12 10:47:29,099 INFO org.springframework.boot.web.embedded.tomcat.TomcatWebServer [main] Tomcat started on port(s): 8080 (http) with context path ''
2020-07-12 10:47:29,120 INFO org.springframework.boot.StartupInfoLogger [main] Started SpringBootLogApplication in 2.25 seconds (JVM running for 4.261)
2020-07-12 10:50:05,818 INFO org.springframework.boot.admin.SpringApplicationAdminMXBeanRegistrar$SpringApplicationAdmin [RMI TCP Connection(9)-127.0.0.1] Application shutdown requested.
2020-07-12 10:50:07,068 INFO org.springframework.scheduling.concurrent.ExecutorConfigurationSupport [RMI TCP Connection(9)-127.0.0.1] Shutting down ExecutorService 'applicationTaskExecutor'
2020-07-12 10:50:15,367 INFO org.springframework.boot.StartupInfoLogger [main] Starting SpringBootLogApplication on SONU-WORK with PID 23136 (E:\Dropbox\Work\full_stack_java\workspace\spring-boot-log\target\classes started by HP in E:\Dropbox\Work\full_stack_java\workspace\spring-boot-log)
2020-07-12 10:50:15,370 DEBUG org.springframework.boot.StartupInfoLogger [main] Running with Spring Boot v2.3.1.RELEASE, Spring v5.2.7.RELEASE
2020-07-12 10:50:15,372 INFO org.springframework.boot.SpringApplication [main] No active profile set, falling back to default profiles: default
2020-07-12 10:50:16,350 INFO org.springframework.boot.web.embedded.tomcat.TomcatWebServer [main] Tomcat initialized with port(s): 8080 (http)
2020-07-12 10:50:16,362 INFO org.apache.juli.logging.DirectJDKLog [main] Initializing ProtocolHandler ["http-nio-8080"]
2020-07-12 10:50:16,362 INFO org.apache.juli.logging.DirectJDKLog [main] Starting service [Tomcat]
2020-07-12 10:50:16,363 INFO org.apache.juli.logging.DirectJDKLog [main] Starting Servlet engine: [Apache Tomcat/9.0.36]
2020-07-12 10:50:16,492 INFO org.apache.juli.logging.DirectJDKLog [main] Initializing Spring embedded WebApplicationContext
2020-07-12 10:50:16,493 INFO org.springframework.boot.web.servlet.context.ServletWebServerApplicationContext [main] Root WebApplicationContext: initialization completed in 1064 ms
2020-07-12 10:50:16,677 INFO org.springframework.scheduling.concurrent.ExecutorConfigurationSupport [main] Initializing ExecutorService 'applicationTaskExecutor'
2020-07-12 10:50:16,839 INFO org.apache.juli.logging.DirectJDKLog [main] Starting ProtocolHandler ["http-nio-8080"]
2020-07-12 10:50:16,879 INFO org.springframework.boot.web.embedded.tomcat.TomcatWebServer [main] Tomcat started on port(s): 8080 (http) with context path ''
2020-07-12 10:50:16,895 INFO org.springframework.boot.StartupInfoLogger [main] Started SpringBootLogApplication in 2.004 seconds (JVM running for 4.359)
2020-07-12 10:57:08,981 INFO org.springframework.boot.admin.SpringApplicationAdminMXBeanRegistrar$SpringApplicationAdmin [RMI TCP Connection(14)-127.0.0.1] Application shutdown requested.
2020-07-12 10:57:10,099 INFO org.springframework.scheduling.concurrent.ExecutorConfigurationSupport [RMI TCP Connection(14)-127.0.0.1] Shutting down ExecutorService 'applicationTaskExecutor'
2020-07-12 10:57:19,109 INFO org.springframework.boot.StartupInfoLogger [main] Starting SpringBootLogApplication on SONU-WORK with PID 20188 (E:\Dropbox\Work\full_stack_java\workspace\spring-boot-log\target\classes started by HP in E:\Dropbox\Work\full_stack_java\workspace\spring-boot-log)
2020-07-12 10:57:19,112 DEBUG org.springframework.boot.StartupInfoLogger [main] Running with Spring Boot v2.3.1.RELEASE, Spring v5.2.7.RELEASE
2020-07-12 10:57:19,113 INFO org.springframework.boot.SpringApplication [main] No active profile set, falling back to default profiles: default
2020-07-12 10:57:20,121 INFO org.springframework.boot.web.embedded.tomcat.TomcatWebServer [main] Tomcat initialized with port(s): 8080 (http)
2020-07-12 10:57:20,131 INFO org.apache.juli.logging.DirectJDKLog [main] Initializing ProtocolHandler ["http-nio-8080"]
2020-07-12 10:57:20,131 INFO org.apache.juli.logging.DirectJDKLog [main] Starting service [Tomcat]
2020-07-12 10:57:20,132 INFO org.apache.juli.logging.DirectJDKLog [main] Starting Servlet engine: [Apache Tomcat/9.0.36]
2020-07-12 10:57:20,259 INFO org.apache.juli.logging.DirectJDKLog [main] Initializing Spring embedded WebApplicationContext
2020-07-12 10:57:20,260 INFO org.springframework.boot.web.servlet.context.ServletWebServerApplicationContext [main] Root WebApplicationContext: initialization completed in 1085 ms
2020-07-12 10:57:20,452 INFO org.springframework.scheduling.concurrent.ExecutorConfigurationSupport [main] Initializing ExecutorService 'applicationTaskExecutor'
2020-07-12 10:57:20,611 INFO org.apache.juli.logging.DirectJDKLog [main] Starting ProtocolHandler ["http-nio-8080"]
2020-07-12 10:57:20,669 INFO org.springframework.boot.web.embedded.tomcat.TomcatWebServer [main] Tomcat started on port(s): 8080 (http) with context path ''
2020-07-12 10:57:20,688 INFO org.springframework.boot.StartupInfoLogger [main] Started SpringBootLogApplication in 2.238 seconds (JVM running for 4.444)
2020-07-12 10:58:36,916 INFO org.springframework.boot.admin.SpringApplicationAdminMXBeanRegistrar$SpringApplicationAdmin [RMI TCP Connection(10)-127.0.0.1] Application shutdown requested.
2020-07-12 10:58:38,158 INFO org.springframework.scheduling.concurrent.ExecutorConfigurationSupport [RMI TCP Connection(10)-127.0.0.1] Shutting down ExecutorService 'applicationTaskExecutor'
2020-07-12 10:58:46,701 INFO org.springframework.boot.StartupInfoLogger [main] Starting SpringBootLogApplication on SONU-WORK with PID 11776 (E:\Dropbox\Work\full_stack_java\workspace\spring-boot-log\target\classes started by HP in E:\Dropbox\Work\full_stack_java\workspace\spring-boot-log)
2020-07-12 10:58:46,704 DEBUG org.springframework.boot.StartupInfoLogger [main] Running with Spring Boot v2.3.1.RELEASE, Spring v5.2.7.RELEASE
2020-07-12 10:58:46,705 INFO org.springframework.boot.SpringApplication [main] No active profile set, falling back to default profiles: default
2020-07-12 10:58:47,728 INFO org.springframework.boot.web.embedded.tomcat.TomcatWebServer [main] Tomcat initialized with port(s): 8080 (http)
2020-07-12 10:58:47,740 INFO org.apache.juli.logging.DirectJDKLog [main] Initializing ProtocolHandler ["http-nio-8080"]
2020-07-12 10:58:47,741 INFO org.apache.juli.logging.DirectJDKLog [main] Starting service [Tomcat]
2020-07-12 10:58:47,741 INFO org.apache.juli.logging.DirectJDKLog [main] Starting Servlet engine: [Apache Tomcat/9.0.36]
2020-07-12 10:58:47,900 INFO org.apache.juli.logging.DirectJDKLog [main] Initializing Spring embedded WebApplicationContext
2020-07-12 10:58:47,902 INFO org.springframework.boot.web.servlet.context.ServletWebServerApplicationContext [main] Root WebApplicationContext: initialization completed in 1154 ms
2020-07-12 10:58:48,110 INFO org.springframework.scheduling.concurrent.ExecutorConfigurationSupport [main] Initializing ExecutorService 'applicationTaskExecutor'
2020-07-12 10:58:48,281 INFO org.apache.juli.logging.DirectJDKLog [main] Starting ProtocolHandler ["http-nio-8080"]
2020-07-12 10:58:48,324 INFO org.springframework.boot.web.embedded.tomcat.TomcatWebServer [main] Tomcat started on port(s): 8080 (http) with context path ''
2020-07-12 10:58:48,351 INFO org.springframework.boot.StartupInfoLogger [main] Started SpringBootLogApplication in 2.099 seconds (JVM running for 3.978)
2020-07-12 10:59:05,715 INFO org.springframework.boot.admin.SpringApplicationAdminMXBeanRegistrar$SpringApplicationAdmin [RMI TCP Connection(7)-127.0.0.1] Application shutdown requested.
2020-07-12 10:59:06,793 INFO org.springframework.scheduling.concurrent.ExecutorConfigurationSupport [RMI TCP Connection(7)-127.0.0.1] Shutting down ExecutorService 'applicationTaskExecutor'
2020-07-12 10:59:14,980 INFO org.springframework.boot.StartupInfoLogger [main] Starting SpringBootLogApplication on SONU-WORK with PID 15868 (E:\Dropbox\Work\full_stack_java\workspace\spring-boot-log\target\classes started by HP in E:\Dropbox\Work\full_stack_java\workspace\spring-boot-log)
2020-07-12 10:59:14,984 DEBUG org.springframework.boot.StartupInfoLogger [main] Running with Spring Boot v2.3.1.RELEASE, Spring v5.2.7.RELEASE
2020-07-12 10:59:14,985 INFO org.springframework.boot.SpringApplication [main] No active profile set, falling back to default profiles: default
2020-07-12 10:59:16,095 INFO org.springframework.boot.web.embedded.tomcat.TomcatWebServer [main] Tomcat initialized with port(s): 8080 (http)
2020-07-12 10:59:16,109 INFO org.apache.juli.logging.DirectJDKLog [main] Initializing ProtocolHandler ["http-nio-8080"]
2020-07-12 10:59:16,111 INFO org.apache.juli.logging.DirectJDKLog [main] Starting service [Tomcat]
2020-07-12 10:59:16,112 INFO org.apache.juli.logging.DirectJDKLog [main] Starting Servlet engine: [Apache Tomcat/9.0.36]
2020-07-12 10:59:16,338 INFO org.apache.juli.logging.DirectJDKLog [main] Initializing Spring embedded WebApplicationContext
2020-07-12 10:59:16,339 INFO org.springframework.boot.web.servlet.context.ServletWebServerApplicationContext [main] Root WebApplicationContext: initialization completed in 1286 ms
2020-07-12 10:59:16,594 INFO org.springframework.scheduling.concurrent.ExecutorConfigurationSupport [main] Initializing ExecutorService 'applicationTaskExecutor'
2020-07-12 10:59:16,749 INFO org.apache.juli.logging.DirectJDKLog [main] Starting ProtocolHandler ["http-nio-8080"]
2020-07-12 10:59:16,805 INFO org.springframework.boot.web.embedded.tomcat.TomcatWebServer [main] Tomcat started on port(s): 8080 (http) with context path ''
2020-07-12 10:59:16,828 INFO org.springframework.boot.StartupInfoLogger [main] Started SpringBootLogApplication in 2.374 seconds (JVM running for 4.295)
2020-07-12 10:59:36,683 INFO org.springframework.boot.admin.SpringApplicationAdminMXBeanRegistrar$SpringApplicationAdmin [RMI TCP Connection(6)-127.0.0.1] Application shutdown requested.
2020-07-12 10:59:37,792 INFO org.springframework.scheduling.concurrent.ExecutorConfigurationSupport [RMI TCP Connection(6)-127.0.0.1] Shutting down ExecutorService 'applicationTaskExecutor'
2020-07-12 10:59:45,780 INFO org.springframework.boot.StartupInfoLogger [main] Starting SpringBootLogApplication on SONU-WORK with PID 23808 (E:\Dropbox\Work\full_stack_java\workspace\spring-boot-log\target\classes started by HP in E:\Dropbox\Work\full_stack_java\workspace\spring-boot-log)
2020-07-12 10:59:45,783 DEBUG org.springframework.boot.StartupInfoLogger [main] Running with Spring Boot v2.3.1.RELEASE, Spring v5.2.7.RELEASE
2020-07-12 10:59:45,784 INFO org.springframework.boot.SpringApplication [main] No active profile set, falling back to default profiles: default
2020-07-12 10:59:46,756 INFO org.springframework.boot.web.embedded.tomcat.TomcatWebServer [main] Tomcat initialized with port(s): 8080 (http)
2020-07-12 10:59:46,765 INFO org.apache.juli.logging.DirectJDKLog [main] Initializing ProtocolHandler ["http-nio-8080"]
2020-07-12 10:59:46,766 INFO org.apache.juli.logging.DirectJDKLog [main] Starting service [Tomcat]
2020-07-12 10:59:46,767 INFO org.apache.juli.logging.DirectJDKLog [main] Starting Servlet engine: [Apache Tomcat/9.0.36]
2020-07-12 10:59:46,885 INFO org.apache.juli.logging.DirectJDKLog [main] Initializing Spring embedded WebApplicationContext
2020-07-12 10:59:46,886 INFO org.springframework.boot.web.servlet.context.ServletWebServerApplicationContext [main] Root WebApplicationContext: initialization completed in 1046 ms
2020-07-12 10:59:47,072 INFO org.springframework.scheduling.concurrent.ExecutorConfigurationSupport [main] Initializing ExecutorService 'applicationTaskExecutor'
2020-07-12 10:59:47,234 INFO org.apache.juli.logging.DirectJDKLog [main] Starting ProtocolHandler ["http-nio-8080"]
2020-07-12 10:59:47,274 INFO org.springframework.boot.web.embedded.tomcat.TomcatWebServer [main] Tomcat started on port(s): 8080 (http) with context path ''
2020-07-12 10:59:47,292 INFO org.springframework.boot.StartupInfoLogger [main] Started SpringBootLogApplication in 2.0 seconds (JVM running for 4.126)
2020-07-12 11:10:26,825 INFO org.springframework.boot.admin.SpringApplicationAdminMXBeanRegistrar$SpringApplicationAdmin [RMI TCP Connection(18)-127.0.0.1] Application shutdown requested.
2020-07-12 11:10:27,956 INFO org.springframework.scheduling.concurrent.ExecutorConfigurationSupport [RMI TCP Connection(18)-127.0.0.1] Shutting down ExecutorService 'applicationTaskExecutor'
2020-07-12 11:10:35,697 INFO org.springframework.boot.StartupInfoLogger [main] Starting SpringBootLogApplication on SONU-WORK with PID 4072 (E:\Dropbox\Work\full_stack_java\workspace\spring-boot-log\target\classes started by HP in E:\Dropbox\Work\full_stack_java\workspace\spring-boot-log)
2020-07-12 11:10:35,700 DEBUG org.springframework.boot.StartupInfoLogger [main] Running with Spring Boot v2.3.1.RELEASE, Spring v5.2.7.RELEASE
2020-07-12 11:10:35,700 INFO org.springframework.boot.SpringApplication [main] No active profile set, falling back to default profiles: default
2020-07-12 11:10:37,096 INFO org.springframework.boot.web.embedded.tomcat.TomcatWebServer [main] Tomcat initialized with port(s): 8080 (http)
2020-07-12 11:10:37,105 INFO org.apache.juli.logging.DirectJDKLog [main] Initializing ProtocolHandler ["http-nio-8080"]
2020-07-12 11:10:37,106 INFO org.apache.juli.logging.DirectJDKLog [main] Starting service [Tomcat]
2020-07-12 11:10:37,107 INFO org.apache.juli.logging.DirectJDKLog [main] Starting Servlet engine: [Apache Tomcat/9.0.36]
2020-07-12 11:10:37,221 INFO org.apache.juli.logging.DirectJDKLog [main] Initializing Spring embedded WebApplicationContext
2020-07-12 11:10:37,222 INFO org.springframework.boot.web.servlet.context.ServletWebServerApplicationContext [main] Root WebApplicationContext: initialization completed in 1473 ms
2020-07-12 11:10:37,264 TRACE com.spring.log.controller.LoggingController [main] A TRACE Message
2020-07-12 11:10:37,265 DEBUG com.spring.log.controller.LoggingController [main] A DEBUG Message
2020-07-12 11:10:37,265 INFO com.spring.log.controller.LoggingController [main] An INFO Message
2020-07-12 11:10:37,265 WARN com.spring.log.controller.LoggingController [main] A WARN Message
2020-07-12 11:10:37,265 ERROR com.spring.log.controller.LoggingController [main] An ERROR Message
2020-07-12 11:10:37,414 INFO org.springframework.scheduling.concurrent.ExecutorConfigurationSupport [main] Initializing ExecutorService 'applicationTaskExecutor'
2020-07-12 11:10:37,592 INFO org.apache.juli.logging.DirectJDKLog [main] Starting ProtocolHandler ["http-nio-8080"]
2020-07-12 11:10:37,635 INFO org.springframework.boot.web.embedded.tomcat.TomcatWebServer [main] Tomcat started on port(s): 8080 (http) with context path ''
2020-07-12 11:10:37,651 INFO org.springframework.boot.StartupInfoLogger [main] Started SpringBootLogApplication in 2.429 seconds (JVM running for 4.312)
2020-07-12 11:18:01,279 INFO org.springframework.boot.admin.SpringApplicationAdminMXBeanRegistrar$SpringApplicationAdmin [RMI TCP Connection(17)-127.0.0.1] Application shutdown requested.
2020-07-12 11:18:02,378 INFO org.springframework.scheduling.concurrent.ExecutorConfigurationSupport [RMI TCP Connection(17)-127.0.0.1] Shutting down ExecutorService 'applicationTaskExecutor'
Logback 2020-07-12 11:18:10,910 INFO org.springframework.boot.StartupInfoLogger [main] Starting SpringBootLogApplication on SONU-WORK with PID 29216 (E:\Dropbox\Work\full_stack_java\workspace\spring-boot-log\target\classes started by HP in E:\Dropbox\Work\full_stack_java\workspace\spring-boot-log)
Logback 2020-07-12 11:18:10,915 DEBUG org.springframework.boot.StartupInfoLogger [main] Running with Spring Boot v2.3.1.RELEASE, Spring v5.2.7.RELEASE
Logback 2020-07-12 11:18:10,916 INFO org.springframework.boot.SpringApplication [main] No active profile set, falling back to default profiles: default
Logback 2020-07-12 11:18:11,704 INFO org.springframework.boot.StartupInfoLogger [main] Started SpringBootLogApplication in 1.511 seconds (JVM running for 3.745)
Logback 2020-07-12 11:29:29,557 INFO org.springframework.boot.StartupInfoLogger [main] Starting SpringBootLogApplication on SONU-WORK with PID 27880 (E:\Dropbox\Work\full_stack_java\workspace\spring-boot-log\target\classes started by HP in E:\Dropbox\Work\full_stack_java\workspace\spring-boot-log)
Logback 2020-07-12 11:29:29,562 DEBUG org.springframework.boot.StartupInfoLogger [main] Running with Spring Boot v2.3.1.RELEASE, Spring v5.2.7.RELEASE
Logback 2020-07-12 11:29:29,563 INFO org.springframework.boot.SpringApplication [main] No active profile set, falling back to default profiles: default
Logback 2020-07-12 11:29:29,994 TRACE com.spring.log.controller.LoggingController [main] A TRACE Message
Logback 2020-07-12 11:29:29,994 DEBUG com.spring.log.controller.LoggingController [main] A DEBUG Message
Logback 2020-07-12 11:29:29,995 INFO com.spring.log.controller.LoggingController [main] An INFO Message
Logback 2020-07-12 11:29:29,995 WARN com.spring.log.controller.LoggingController [main] A WARN Message
Logback 2020-07-12 11:29:29,995 ERROR com.spring.log.controller.LoggingController [main] An ERROR Message
Logback 2020-07-12 11:29:30,100 INFO org.springframework.boot.StartupInfoLogger [main] Started SpringBootLogApplication in 0.963 seconds (JVM running for 3.059)
Logback 2020-07-12 11:33:32,215 INFO org.springframework.boot.StartupInfoLogger [main] Starting SpringBootLogApplication on SONU-WORK with PID 21560 (E:\Dropbox\Work\full_stack_java\workspace\spring-boot-log\target\classes started by HP in E:\Dropbox\Work\full_stack_java\workspace\spring-boot-log)
Logback 2020-07-12 11:33:32,219 DEBUG org.springframework.boot.StartupInfoLogger [main] Running with Spring Boot v2.3.1.RELEASE, Spring v5.2.7.RELEASE
Logback 2020-07-12 11:33:32,220 INFO org.springframework.boot.SpringApplication [main] No active profile set, falling back to default profiles: default
Logback 2020-07-12 11:33:32,706 TRACE com.spring.log.controller.LoggingController [main] A TRACE Message
Logback 2020-07-12 11:33:32,707 DEBUG com.spring.log.controller.LoggingController [main] A DEBUG Message
Logback 2020-07-12 11:33:32,708 INFO com.spring.log.controller.LoggingController [main] An INFO Message
Logback 2020-07-12 11:33:32,708 WARN com.spring.log.controller.LoggingController [main] A WARN Message
Logback 2020-07-12 11:33:32,708 ERROR com.spring.log.controller.LoggingController [main] An ERROR Message
Logback 2020-07-12 11:33:32,816 INFO org.springframework.boot.StartupInfoLogger [main] Started SpringBootLogApplication in 1.047 seconds (JVM running for 3.103)
